# JRE version: Java(TM) SE Runtime Environment (13.0.2+8) (build 13.0.2+8)
# Java VM: Java HotSpot(TM) 64-Bit Server VM (13.0.2+8, mixed mode, sharing, tiered, compressed oops, g1 gc, windows-amd64)
Heap:
 garbage-first heap   total 115712K, used 69486K [0x0000000081a00000, 0x0000000100000000)
  region size 1024K, 37 young (37888K), 1 survivors (1024K)
 Metaspace       used 35266K, capacity 35787K, committed 35840K, reserved 1081344K
  class space    used 3385K, capacity 3582K, committed 3584K, reserved 1048576K
GC Heap History (20 events):
Event: 57.810 GC heap before
{Heap before GC invocations=195 (full 0):
 garbage-first heap   total 115712K, used 91803K [0x0000000081a00000, 0x0000000100000000)
  region size 1024K, 41 young (41984K), 1 survivors (1024K)
 Metaspace       used 34795K, capacity 35314K, committed 35328K, reserved 1081344K
  class space    used 3367K, capacity 3574K, committed 3584K, reserved 1048576K
}
Event: 57.811 GC heap after
{Heap after GC invocations=196 (full 0):
 garbage-first heap   total 115712K, used 45721K [0x0000000081a00000, 0x0000000100000000)
  region size 1024K, 1 young (1024K), 1 survivors (1024K)
 Metaspace       used 34795K, capacity 35314K, committed 35328K, reserved 1081344K
  class space    used 3367K, capacity 3574K, committed 3584K, reserved 1048576K
}
Event: 58.028 GC heap before
{Heap before GC invocations=196 (full 0):
 garbage-first heap   total 115712K, used 69273K [0x0000000081a00000, 0x0000000100000000)
  region size 1024K, 20 young (20480K), 1 survivors (1024K)
 Metaspace       used 34803K, capacity 35314K, committed 35328K, reserved 1081344K
  class space    used 3367K, capacity 3574K, committed 3584K, reserved 1048576K
}
Event: 58.029 GC heap after
{Heap after GC invocations=197 (full 0):
 garbage-first heap   total 115712K, used 39978K [0x0000000081a00000, 0x0000000100000000)
  region size 1024K, 1 young (1024K), 1 survivors (1024K)
 Metaspace       used 34803K, capacity 35314K, committed 35328K, reserved 1081344K
  class space    used 3367K, capacity 3574K, committed 3584K, reserved 1048576K
}
Event: 58.349 GC heap before
{Heap before GC invocations=198 (full 0):
 garbage-first heap   total 115712K, used 80938K [0x0000000081a00000, 0x0000000100000000)
  region size 1024K, 31 young (31744K), 1 survivors (1024K)
 Metaspace       used 34807K, capacity 35314K, committed 35328K, reserved 1081344K
  class space    used 3367K, capacity 3574K, committed 3584K, reserved 1048576K
}
Event: 58.350 GC heap after
{Heap after GC invocations=199 (full 0):
 garbage-first heap   total 115712K, used 49172K [0x0000000081a00000, 0x0000000100000000)
  region size 1024K, 1 young (1024K), 1 survivors (1024K)
 Metaspace       used 34807K, capacity 35314K, committed 35328K, reserved 1081344K
  class space    used 3367K, capacity 3574K, committed 3584K, reserved 1048576K
}
Event: 59.458 GC heap before
{Heap before GC invocations=200 (full 0):
 garbage-first heap   total 115712K, used 93204K [0x0000000081a00000, 0x0000000100000000)
  region size 1024K, 41 young (41984K), 1 survivors (1024K)
 Metaspace       used 34883K, capacity 35383K, committed 35584K, reserved 1081344K
  class space    used 3372K, capacity 3576K, committed 3584K, reserved 1048576K
}
Event: 59.459 GC heap after
{Heap after GC invocations=201 (full 0):
 garbage-first heap   total 115712K, used 39675K [0x0000000081a00000, 0x0000000100000000)
  region size 1024K, 1 young (1024K), 1 survivors (1024K)
 Metaspace       used 34883K, capacity 35383K, committed 35584K, reserved 1081344K
  class space    used 3372K, capacity 3576K, committed 3584K, reserved 1048576K
}
Event: 60.563 GC heap before
{Heap before GC invocations=201 (full 0):
 garbage-first heap   total 115712K, used 94971K [0x0000000081a00000, 0x0000000100000000)
  region size 1024K, 50 young (51200K), 1 survivors (1024K)
 Metaspace       used 34893K, capacity 35383K, committed 35584K, reserved 1081344K
  class space    used 3372K, capacity 3576K, committed 3584K, reserved 1048576K
}
Event: 60.564 GC heap after
{Heap after GC invocations=202 (full 0):
 garbage-first heap   total 115712K, used 39767K [0x0000000081a00000, 0x0000000100000000)
  region size 1024K, 1 young (1024K), 1 survivors (1024K)
 Metaspace       used 34893K, capacity 35383K, committed 35584K, reserved 1081344K
  class space    used 3372K, capacity 3576K, committed 3584K, reserved 1048576K
}
Event: 61.784 GC heap before
{Heap before GC invocations=202 (full 0):
 garbage-first heap   total 115712K, used 98135K [0x0000000081a00000, 0x0000000100000000)
  region size 1024K, 52 young (53248K), 1 survivors (1024K)
 Metaspace       used 34899K, capacity 35383K, committed 35584K, reserved 1081344K
  class space    used 3372K, capacity 3576K, committed 3584K, reserved 1048576K
}
Event: 61.784 GC heap after
{Heap after GC invocations=203 (full 0):
 garbage-first heap   total 115712K, used 39697K [0x0000000081a00000, 0x0000000100000000)
  region size 1024K, 1 young (1024K), 1 survivors (1024K)
 Metaspace       used 34899K, capacity 35383K, committed 35584K, reserved 1081344K
  class space    used 3372K, capacity 3576K, committed 3584K, reserved 1048576K
}
Event: 62.607 GC heap before
{Heap before GC invocations=203 (full 0):
 garbage-first heap   total 115712K, used 94993K [0x0000000081a00000, 0x0000000100000000)
  region size 1024K, 53 young (54272K), 1 survivors (1024K)
 Metaspace       used 34899K, capacity 35383K, committed 35584K, reserved 1081344K
  class space    used 3372K, capacity 3576K, committed 3584K, reserved 1048576K
}
Event: 62.608 GC heap after
{Heap after GC invocations=204 (full 0):
 garbage-first heap   total 115712K, used 36627K [0x0000000081a00000, 0x0000000100000000)
  region size 1024K, 1 young (1024K), 1 survivors (1024K)
 Metaspace       used 34899K, capacity 35383K, committed 35584K, reserved 1081344K
  class space    used 3372K, capacity 3576K, committed 3584K, reserved 1048576K
}
Event: 63.524 GC heap before
{Heap before GC invocations=204 (full 0):
 garbage-first heap   total 115712K, used 93971K [0x0000000081a00000, 0x0000000100000000)
  region size 1024K, 57 young (58368K), 1 survivors (1024K)
 Metaspace       used 34899K, capacity 35383K, committed 35584K, reserved 1081344K
  class space    used 3372K, capacity 3576K, committed 3584K, reserved 1048576K
}
Event: 63.524 GC heap after
{Heap after GC invocations=205 (full 0):
 garbage-first heap   total 115712K, used 33562K [0x0000000081a00000, 0x0000000100000000)
  region size 1024K, 1 young (1024K), 1 survivors (1024K)
 Metaspace       used 34899K, capacity 35383K, committed 35584K, reserved 1081344K
  class space    used 3372K, capacity 3576K, committed 3584K, reserved 1048576K
}
Event: 119.927 GC heap before
{Heap before GC invocations=205 (full 0):
 garbage-first heap   total 115712K, used 93978K [0x0000000081a00000, 0x0000000100000000)
  region size 1024K, 60 young (61440K), 1 survivors (1024K)
 Metaspace       used 35057K, capacity 35511K, committed 35584K, reserved 1081344K
  class space    used 3372K, capacity 3576K, committed 3584K, reserved 1048576K
}
Event: 119.928 GC heap after
{Heap after GC invocations=206 (full 0):
 garbage-first heap   total 115712K, used 33711K [0x0000000081a00000, 0x0000000100000000)
  region size 1024K, 1 young (1024K), 1 survivors (1024K)
 Metaspace       used 35057K, capacity 35511K, committed 35584K, reserved 1081344K
  class space    used 3372K, capacity 3576K, committed 3584K, reserved 1048576K
}
Event: 132.140 GC heap before
{Heap before GC invocations=206 (full 0):
 garbage-first heap   total 115712K, used 95151K [0x0000000081a00000, 0x0000000100000000)
  region size 1024K, 61 young (62464K), 1 survivors (1024K)
 Metaspace       used 35089K, capacity 35639K, committed 35840K, reserved 1081344K
  class space    used 3372K, capacity 3576K, committed 3584K, reserved 1048576K
}
Event: 132.141 GC heap after
{Heap after GC invocations=207 (full 0):
 garbage-first heap   total 115712K, used 33646K [0x0000000081a00000, 0x0000000100000000)
  region size 1024K, 1 young (1024K), 1 survivors (1024K)
 Metaspace       used 35089K, capacity 35639K, committed 35840K, reserved 1081344K
  class space    used 3372K, capacity 3576K, committed 3584K, reserved 1048576K
}

